#
# There is insufficient memory for the Java Runtime Environment to continue.
# Native memory allocation (malloc) failed to allocate 360288 bytes. Error detail: Chunk::new
# Possible reasons:
#   The system is out of physical RAM or swap space
#   This process is running with CompressedOops enabled, and the Java Heap may be blocking the growth of the native heap
# Possible solutions:
#   Reduce memory load on the system
#   Increase physical memory or swap space
#   Check if swap backing store is full
#   Decrease Java heap size (-Xmx/-Xms)
#   Decrease number of Java threads
#   Decrease Java thread stack sizes (-Xss)
#   Set larger code cache with -XX:ReservedCodeCacheSize=
#   JVM is running with Unscaled Compressed Oops mode in which the Java heap is
#     placed in the first 4GB address space. The Java Heap base address is the
#     maximum limit for the native heap growth. Please use -XX:HeapBaseMinAddress
#     to set the Java Heap base and to place the Java Heap above 4GB virtual address.
# This output file may be truncated or incomplete.
#
#  Out of Memory Error (arena.cpp:168), pid=340, tid=24432
#
# JRE version: OpenJDK Runtime Environment Temurin-21.0.10+7 (21.0.10+7) (build 21.0.10+7-LTS)
# Java VM: OpenJDK 64-Bit Server VM Temurin-21.0.10+7 (21.0.10+7-LTS, mixed mode, sharing, tiered, compressed oops, compressed class ptrs, parallel gc, windows-amd64)
# No core dump will be written. Minidumps are not enabled by default on client versions of Windows
#

---------------  S U M M A R Y ------------

Command Line: --add-modules=ALL-SYSTEM --add-opens=java.base/java.util=ALL-UNNAMED --add-opens=java.base/java.lang=ALL-UNNAMED --add-opens=java.base/sun.nio.fs=ALL-UNNAMED -Declipse.application=org.eclipse.jdt.ls.core.id1 -Dosgi.bundles.defaultStartLevel=4 -Declipse.product=org.eclipse.jdt.ls.core.product -Djava.import.generatesMetadataFilesAtProjectRoot=false -DDetectVMInstallationsJob.disabled=true -Dfile.encoding=utf8 -XX:+UseParallelGC -XX:GCTimeRatio=4 -XX:AdaptiveSizePolicyWeight=90 -Dsun.zip.disableMemoryMapping=true -Xmx2G -Xms100m -Xlog:disable -javaagent:c:\Users\User\.vscode\extensions\redhat.java-1.54.0-win32-x64\lombok\lombok-1.18.39-4050.jar -XX:+HeapDumpOnOutOfMemoryError -XX:HeapDumpPath=c:\Users\User\AppData\Roaming\Code\User\workspaceStorage\c0101fc8101ae5215f8083ae6c235b4d\redhat.java -Daether.dependencyCollector.impl=bf c:\Users\User\.vscode\extensions\redhat.java-1.54.0-win32-x64\server\plugins\org.eclipse.equinox.launcher_1.7.100.v20251111-0406.jar -configuration c:\Users\User\AppData\Roaming\Code\User\globalStorage\redhat.java\1.54.0\config_win -data c:\Users\User\AppData\Roaming\Code\User\workspaceStorage\c0101fc8101ae5215f8083ae6c235b4d\redhat.java\jdt_ws --pipe=\\.\pipe\lsp-c2209cbc32348d2912fa941fc1dbc1e7-sock

Host: 11th Gen Intel(R) Core(TM) i5-1135G7 @ 2.40GHz, 8 cores, 7G,  Windows 11 , 64 bit Build 26100 (10.0.26100.8276)
Time: Sun Apr 26 00:40:41 2026 AUS Eastern Standard Time elapsed time: 2.057961 seconds (0d 0h 0m 2s)

---------------  T H R E A D  ---------------

Current thread (0x000002157169bdd0):  JavaThread "C2 CompilerThread0" daemon [_thread_in_native, id=24432, stack(0x000000fc33000000,0x000000fc33100000) (1024K)]


Current CompileTask:
C2:2058  821       4       lombok.patcher.PatchScript::classMatches (41 bytes)

Stack: [0x000000fc33000000,0x000000fc33100000]
Native frames: (J=compiled Java code, j=interpreted, Vv=VM code, C=native code)
V  [jvm.dll+0x6d7a39]
V  [jvm.dll+0x8b4b26]
V  [jvm.dll+0x8b70de]
V  [jvm.dll+0x8b77c3]
V  [jvm.dll+0x284346]
V  [jvm.dll+0xc66ed]
V  [jvm.dll+0xc6c31]
V  [jvm.dll+0x3bec3b]
V  [jvm.dll+0x38b162]
V  [jvm.dll+0x38a5aa]
V  [jvm.dll+0x24c560]
V  [jvm.dll+0x24bb40]
V  [jvm.dll+0x1cb34e]
V  [jvm.dll+0x25b85d]
V  [jvm.dll+0x259dea]
V  [jvm.dll+0x3f857e]
V  [jvm.dll+0x85f59d]
V  [jvm.dll+0x6d626d]
C  [ucrtbase.dll+0x37b0]
C  [KERNEL32.DLL+0x2e957]
C  [ntdll.dll+0x427c]


---------------  P R O C E S S  ---------------

Threads class SMR info:
_java_thread_list=0x000002157ac72f40, length=12, elements={
0x000002157171ed50, 0x000002157168bcb0, 0x000002157168ea60, 0x0000021571693b90,
0x0000021571696ab0, 0x0000021571697510, 0x0000021571697f70, 0x000002157169bdd0,
0x000002157a968120, 0x000002157aadc320, 0x000002157ac6e010, 0x000002157ad477b0
}

Java Threads: ( => current thread )
  0x000002157171ed50 JavaThread "main"                              [_thread_in_vm, id=12616, stack(0x000000fc32600000,0x000000fc32700000) (1024K)]
  0x000002157168bcb0 JavaThread "Reference Handler"          daemon [_thread_blocked, id=24704, stack(0x000000fc32a00000,0x000000fc32b00000) (1024K)]
  0x000002157168ea60 JavaThread "Finalizer"                  daemon [_thread_blocked, id=11472, stack(0x000000fc32b00000,0x000000fc32c00000) (1024K)]
  0x0000021571693b90 JavaThread "Signal Dispatcher"          daemon [_thread_blocked, id=25416, stack(0x000000fc32c00000,0x000000fc32d00000) (1024K)]
  0x0000021571696ab0 JavaThread "Attach Listener"            daemon [_thread_blocked, id=20360, stack(0x000000fc32d00000,0x000000fc32e00000) (1024K)]
  0x0000021571697510 JavaThread "Service Thread"             daemon [_thread_blocked, id=13876, stack(0x000000fc32e00000,0x000000fc32f00000) (1024K)]
  0x0000021571697f70 JavaThread "Monitor Deflation Thread"   daemon [_thread_blocked, id=26544, stack(0x000000fc32f00000,0x000000fc33000000) (1024K)]
=>0x000002157169bdd0 JavaThread "C2 CompilerThread0"         daemon [_thread_in_native, id=24432, stack(0x000000fc33000000,0x000000fc33100000) (1024K)]
  0x000002157a968120 JavaThread "C1 CompilerThread0"         daemon [_thread_blocked, id=25768, stack(0x000000fc33100000,0x000000fc33200000) (1024K)]
  0x000002157aadc320 JavaThread "Common-Cleaner"             daemon [_thread_blocked, id=19948, stack(0x000000fc33200000,0x000000fc33300000) (1024K)]
  0x000002157ac6e010 JavaThread "Notification Thread"        daemon [_thread_blocked, id=9304, stack(0x000000fc33300000,0x000000fc33400000) (1024K)]
  0x000002157ad477b0 JavaThread "C2 CompilerThread1"         daemon [_thread_in_native, id=26856, stack(0x000000fc33400000,0x000000fc33500000) (1024K)]
Total: 12

Other Threads:
  0x00000215717deb20 VMThread "VM Thread"                           [id=24416, stack(0x000000fc32900000,0x000000fc32a00000) (1024K)]
  0x000002157178ac70 WatcherThread "VM Periodic Task Thread"        [id=26228, stack(0x000000fc32800000,0x000000fc32900000) (1024K)]
  0x000002157173d070 WorkerThread "GC Thread#0"                     [id=2936, stack(0x000000fc32700000,0x000000fc32800000) (1024K)]
Total: 3

Threads with active compile tasks:
C2 CompilerThread0  2094  821       4       lombok.patcher.PatchScript::classMatches (41 bytes)
C1 CompilerThread0  2094  884       1       java.lang.String::value (5 bytes)
C2 CompilerThread1  2094  822       4       lombok.patcher.scripts.MethodLevelPatchScript::patch (21 bytes)
Total: 3

VM state: not at safepoint (normal execution)

VM Mutex/Monitor currently owned by a thread: None

Heap address: 0x0000000080000000, size: 2048 MB, Compressed Oops mode: 32-bit

CDS archive(s) mapped at: [0x000002150f000000-0x000002150fba0000-0x000002150fba0000), size 12189696, SharedBaseAddress: 0x000002150f000000, ArchiveRelocationMode: 1.
Compressed class space mapped at: 0x0000021510000000-0x0000021550000000, reserved size: 1073741824
Narrow klass base: 0x000002150f000000, Narrow klass shift: 0, Narrow klass range: 0x100000000

GC Precious Log:
 CardTable entry size: 512
 CPUs: 8 total, 8 available
 Memory: 7932M
 Large Page Support: Disabled
 NUMA Support: Disabled
 Compressed Oops: Enabled (32-bit)
 Alignments: Space 512K, Generation 512K, Heap 2M
 Heap Min Capacity: 100M
 Heap Initial Capacity: 100M
 Heap Max Capacity: 2G
 Pre-touch: Disabled
 Parallel Workers: 8

Heap:
 PSYoungGen      total 29696K, used 17017K [0x00000000d5580000, 0x00000000d7680000, 0x0000000100000000)
  eden space 25600K, 66% used [0x00000000d5580000,0x00000000d661e770,0x00000000d6e80000)
  from space 4096K, 0% used [0x00000000d7280000,0x00000000d7280000,0x00000000d7680000)
  to   space 4096K, 0% used [0x00000000d6e80000,0x00000000d6e80000,0x00000000d7280000)
 ParOldGen       total 68608K, used 0K [0x0000000080000000, 0x0000000084300000, 0x00000000d5580000)
  object space 68608K, 0% used [0x0000000080000000,0x0000000080000000,0x0000000084300000)
 Metaspace       used 3268K, committed 3456K, reserved 1114112K
  class space    used 349K, committed 448K, reserved 1048576K

Card table byte_map: [0x00000215710c0000,0x00000215714d0000] _byte_map_base: 0x0000021570cc0000

Marking Bits: (ParMarkBitMap*) 0x00007ff887543450
 Begin Bits: [0x0000021574bd0000, 0x0000021576bd0000)
 End Bits:   [0x0000021576bd0000, 0x0000021578bd0000)

Polling page: 0x000002156f4c0000

Metaspace:

Usage:
  Non-class:      2.85 MB used.
      Class:    349.60 KB used.
       Both:      3.19 MB used.

Virtual space:
  Non-class space:       64.00 MB reserved,       2.94 MB (  5%) committed,  1 nodes.
      Class space:        1.00 GB reserved,     448.00 KB ( <1%) committed,  1 nodes.
             Both:        1.06 GB reserved,       3.38 MB ( <1%) committed. 

Chunk freelists:
   Non-Class:  11.50 MB
       Class:  15.50 MB
        Both:  27.00 MB

MaxMetaspaceSize: unlimited
CompressedClassSpaceSize: 1.00 GB
Initial GC threshold: 21.00 MB
Current GC threshold: 21.00 MB
CDS: on
 - commit_granule_bytes: 65536.
 - commit_granule_words: 8192.
 - virtual_space_node_default_size: 8388608.
 - enlarge_chunks_in_place: 1.
 - use_allocation_guard: 0.


Internal statistics:

num_allocs_failed_limit: 0.
num_arena_births: 146.
num_arena_deaths: 0.
num_vsnodes_births: 2.
num_vsnodes_deaths: 0.
num_space_committed: 54.
num_space_uncommitted: 0.
num_chunks_returned_to_freelist: 0.
num_chunks_taken_from_freelist: 186.
num_chunk_merges: 0.
num_chunk_splits: 122.
num_chunks_enlarged: 67.
num_inconsistent_stats: 0.

CodeHeap 'non-profiled nmethods': size=120000Kb used=314Kb max_used=314Kb free=119685Kb
 bounds [0x0000021507ad0000, 0x0000021507d40000, 0x000002150f000000]
CodeHeap 'profiled nmethods': size=120000Kb used=1354Kb max_used=1354Kb free=118645Kb
 bounds [0x0000021500000000, 0x0000021500270000, 0x0000021507530000]
CodeHeap 'non-nmethods': size=5760Kb used=1198Kb max_used=1227Kb free=4562Kb
 bounds [0x0000021507530000, 0x00000215077a0000, 0x0000021507ad0000]
CodeCache: size=245760Kb, used=2866Kb, max_used=2895Kb, free=242892Kb
 total_blobs=1320, nmethods=873, adapters=354, full_count=0
Compilation: enabled, stopped_count=0, restarted_count=0

Compilation events (20 events):
Event: 2.013 Thread 0x000002157a968120  832       3       java.lang.StringLatin1::trim (76 bytes)
Event: 2.013 Thread 0x000002157a968120 nmethod 832 0x0000021500141c90 code [0x0000021500141e60, 0x0000021500142210]
Event: 2.014 Thread 0x000002157a968120  829       3       java.util.StringTokenizer::nextToken (92 bytes)
Event: 2.014 Thread 0x000002157a968120 nmethod 829 0x0000021500142390 code [0x0000021500142580, 0x00000215001428a8]
Event: 2.014 Thread 0x000002157a968120  828       3       java.util.StringTokenizer::hasMoreTokens (29 bytes)
Event: 2.014 Thread 0x000002157a968120 nmethod 828 0x0000021500142a10 code [0x0000021500142bc0, 0x0000021500142d68]
Event: 2.014 Thread 0x000002157a968120  831       3       java.lang.String::trim (35 bytes)
Event: 2.014 Thread 0x000002157a968120 nmethod 831 0x0000021500142e10 code [0x0000021500142fe0, 0x00000215001432b0]
Event: 2.016 Thread 0x000002157a968120  834       1       java.lang.invoke.MethodHandles$Lookup::previousLookupClass (5 bytes)
Event: 2.017 Thread 0x000002157a968120 nmethod 834 0x0000021507b1c610 code [0x0000021507b1c7a0, 0x0000021507b1c868]
Event: 2.017 Thread 0x000002157a968120  836       3       java.lang.Enum::equals (11 bytes)
Event: 2.018 Thread 0x000002157a968120 nmethod 836 0x0000021500143390 code [0x0000021500143520, 0x0000021500143680]
Event: 2.018 Thread 0x000002157a968120  837       3       jdk.internal.org.objectweb.asm.Label::<init> (5 bytes)
Event: 2.018 Thread 0x000002157a968120 nmethod 837 0x0000021500143710 code [0x00000215001438c0, 0x0000021500143a28]
Event: 2.018 Thread 0x000002157a968120  838       3       jdk.internal.org.objectweb.asm.ByteVector::enlarge (73 bytes)
Event: 2.019 Thread 0x000002157a968120 nmethod 838 0x0000021500143b10 code [0x0000021500143ce0, 0x00000215001440c8]
Event: 2.049 Thread 0x000002157a968120  839       3       sun.invoke.util.VerifyAccess::isClassAccessible (230 bytes)
Event: 2.051 Thread 0x000002157a968120 nmethod 839 0x0000021500144210 code [0x0000021500144520, 0x0000021500145310]
Event: 2.051 Thread 0x000002157a968120  840       1       java.lang.invoke.MethodType::rtype (5 bytes)
Event: 2.051 Thread 0x000002157a968120 nmethod 840 0x0000021507b1c910 code [0x0000021507b1caa0, 0x0000021507b1cb68]

GC Heap History (0 events):
No events

Dll operation events (8 events):
Event: 0.033 Loaded shared library c:\Users\User\.vscode\extensions\redhat.java-1.54.0-win32-x64\jre\21.0.10-win32-x86_64\bin\java.dll
Event: 0.475 Loaded shared library c:\Users\User\.vscode\extensions\redhat.java-1.54.0-win32-x64\jre\21.0.10-win32-x86_64\bin\zip.dll
Event: 0.531 Loaded shared library C:\Users\User\.vscode\extensions\redhat.java-1.54.0-win32-x64\jre\21.0.10-win32-x86_64\bin\instrument.dll
Event: 0.544 Loaded shared library C:\Users\User\.vscode\extensions\redhat.java-1.54.0-win32-x64\jre\21.0.10-win32-x86_64\bin\net.dll
Event: 0.559 Loaded shared library C:\Users\User\.vscode\extensions\redhat.java-1.54.0-win32-x64\jre\21.0.10-win32-x86_64\bin\nio.dll
Event: 0.569 Loaded shared library C:\Users\User\.vscode\extensions\redhat.java-1.54.0-win32-x64\jre\21.0.10-win32-x86_64\bin\zip.dll
Event: 0.749 Loaded shared library C:\Users\User\.vscode\extensions\redhat.java-1.54.0-win32-x64\jre\21.0.10-win32-x86_64\bin\jimage.dll
Event: 1.169 Loaded shared library c:\Users\User\.vscode\extensions\redhat.java-1.54.0-win32-x64\jre\21.0.10-win32-x86_64\bin\verify.dll

Deoptimization events (20 events):
Event: 1.725 Thread 0x000002157171ed50 Uncommon trap: trap_request=0xffffff45 fr.pc=0x0000021507af2474 relative=0x00000000000000d4
Event: 1.725 Thread 0x000002157171ed50 Uncommon trap: reason=unstable_if action=reinterpret pc=0x0000021507af2474 method=java.net.URI.match(CJJ)Z @ 45 c2
Event: 1.725 Thread 0x000002157171ed50 DEOPT PACKING pc=0x0000021507af2474 sp=0x000000fc326fccb0
Event: 1.725 Thread 0x000002157171ed50 DEOPT UNPACKING pc=0x0000021507586da2 sp=0x000000fc326fcc18 mode 2
Event: 1.828 Thread 0x000002157171ed50 Uncommon trap: trap_request=0xffffff45 fr.pc=0x0000021507af1224 relative=0x0000000000000184
Event: 1.828 Thread 0x000002157171ed50 Uncommon trap: reason=unstable_if action=reinterpret pc=0x0000021507af1224 method=java.lang.StringUTF16.compress([CI[BII)I @ 20 c2
Event: 1.828 Thread 0x000002157171ed50 DEOPT PACKING pc=0x0000021507af1224 sp=0x000000fc326fb940
Event: 1.828 Thread 0x000002157171ed50 DEOPT UNPACKING pc=0x0000021507586da2 sp=0x000000fc326fb8b0 mode 2
Event: 1.856 Thread 0x000002157171ed50 Uncommon trap: trap_request=0xffffff45 fr.pc=0x0000021507afeb28 relative=0x0000000000000868
Event: 1.856 Thread 0x000002157171ed50 Uncommon trap: reason=unstable_if action=reinterpret pc=0x0000021507afeb28 method=java.util.HashMap.putVal(ILjava/lang/Object;Ljava/lang/Object;ZZ)Ljava/lang/Object; @ 81 c2
Event: 1.856 Thread 0x000002157171ed50 DEOPT PACKING pc=0x0000021507afeb28 sp=0x000000fc326fda40
Event: 1.856 Thread 0x000002157171ed50 DEOPT UNPACKING pc=0x0000021507586da2 sp=0x000000fc326fda00 mode 2
Event: 2.007 Thread 0x000002157171ed50 Uncommon trap: trap_request=0xffffff45 fr.pc=0x0000021507b131ac relative=0x000000000000008c
Event: 2.007 Thread 0x000002157171ed50 Uncommon trap: reason=unstable_if action=reinterpret pc=0x0000021507b131ac method=jdk.internal.misc.Unsafe.convEndian(ZI)I @ 4 c2
Event: 2.007 Thread 0x000002157171ed50 DEOPT PACKING pc=0x0000021507b131ac sp=0x000000fc326fd870
Event: 2.007 Thread 0x000002157171ed50 DEOPT UNPACKING pc=0x0000021507586da2 sp=0x000000fc326fd7a0 mode 2
Event: 2.010 Thread 0x000002157171ed50 Uncommon trap: trap_request=0xffffff45 fr.pc=0x0000021507b01fbc relative=0x000000000000065c
Event: 2.010 Thread 0x000002157171ed50 Uncommon trap: reason=unstable_if action=reinterpret pc=0x0000021507b01fbc method=java.lang.AbstractStringBuilder.append(Ljava/lang/String;)Ljava/lang/AbstractStringBuilder; @ 1 c2
Event: 2.010 Thread 0x000002157171ed50 DEOPT PACKING pc=0x0000021507b01fbc sp=0x000000fc326fdbd0
Event: 2.010 Thread 0x000002157171ed50 DEOPT UNPACKING pc=0x0000021507586da2 sp=0x000000fc326fdb60 mode 2

Classes loaded (20 events):
Event: 2.007 Loading class sun/net/www/MimeTable$DefaultInstanceHolder
Event: 2.007 Loading class sun/net/www/MimeTable$DefaultInstanceHolder done
Event: 2.007 Loading class sun/net/www/MimeTable$DefaultInstanceHolder$1
Event: 2.007 Loading class sun/net/www/MimeTable$DefaultInstanceHolder$1 done
Event: 2.009 Loading class sun/net/www/MimeEntry
Event: 2.009 Loading class sun/net/www/MimeEntry done
Event: 2.015 Loading class java/util/regex/Pattern$1MatcherIterator
Event: 2.015 Loading class java/util/regex/Pattern$1MatcherIterator done
Event: 2.050 Loading class java/util/ImmutableCollections$Access
Event: 2.050 Loading class java/util/ImmutableCollections$Access done
Event: 2.050 Loading class java/util/ImmutableCollections$Access$1
Event: 2.050 Loading class jdk/internal/access/JavaUtilCollectionAccess
Event: 2.050 Loading class jdk/internal/access/JavaUtilCollectionAccess done
Event: 2.050 Loading class java/util/ImmutableCollections$Access$1 done
Event: 2.053 Loading class java/util/stream/Nodes$SpinedNodeBuilder
Event: 2.053 Loading class java/util/stream/SpinedBuffer
Event: 2.053 Loading class java/util/stream/AbstractSpinedBuffer
Event: 2.053 Loading class java/util/stream/AbstractSpinedBuffer done
Event: 2.053 Loading class java/util/stream/SpinedBuffer done
Event: 2.053 Loading class java/util/stream/Nodes$SpinedNodeBuilder done

Classes unloaded (0 events):
No events

Classes redefined (0 events):
No events

Internal exceptions (20 events):
Event: 0.390 Thread 0x000002157171ed50 Exception <a 'java/lang/NoSuchMethodError'{0x00000000d57a9178}: 'void java.lang.invoke.DirectMethodHandle$Holder.invokeStatic(java.lang.Object, java.lang.Object, java.lang.Object)'> (0x00000000d57a9178) 
thrown [s\src\hotspot\share\interpreter\linkResolver.cpp, line 773]
Event: 0.732 Thread 0x000002157171ed50 Exception <a 'java/lang/NoSuchMethodError'{0x00000000d5911c60}: 'java.lang.Object java.lang.invoke.Invokers$Holder.invokeExact_MT(java.lang.Object, java.lang.Object, java.lang.Object, java.lang.Object, java.lang.Object)'> (0x00000000d5911c60) 
thrown [s\src\hotspot\share\interpreter\linkResolver.cpp, line 773]
Event: 0.961 Thread 0x000002157171ed50 Exception <a 'java/lang/NoSuchMethodError'{0x00000000d59ca5e8}: 'int java.lang.invoke.DirectMethodHandle$Holder.invokeSpecial(java.lang.Object, java.lang.Object, java.lang.Object, int)'> (0x00000000d59ca5e8) 
thrown [s\src\hotspot\share\interpreter\linkResolver.cpp, line 773]
Event: 0.966 Thread 0x000002157171ed50 Exception <a 'java/lang/NoSuchMethodError'{0x00000000d59dcfd0}: 'java.lang.Object java.lang.invoke.DirectMethodHandle$Holder.invokeStatic(java.lang.Object, java.lang.Object, java.lang.Object, java.lang.Object, int)'> (0x00000000d59dcfd0) 
thrown [s\src\hotspot\share\interpreter\linkResolver.cpp, line 773]
Event: 0.971 Thread 0x000002157171ed50 Exception <a 'java/lang/NoSuchMethodError'{0x00000000d59e8478}: 'void java.lang.invoke.DelegatingMethodHandle$Holder.reinvoke_L(java.lang.Object, java.lang.Object, java.lang.Object, int, java.lang.Object)'> (0x00000000d59e8478) 
thrown [s\src\hotspot\share\interpreter\linkResolver.cpp, line 773]
Event: 0.976 Thread 0x000002157171ed50 Exception <a 'java/lang/NoSuchMethodError'{0x00000000d59f8f70}: 'int java.lang.invoke.DirectMethodHandle$Holder.invokeSpecial(java.lang.Object, java.lang.Object, java.lang.Object)'> (0x00000000d59f8f70) 
thrown [s\src\hotspot\share\interpreter\linkResolver.cpp, line 773]
Event: 0.979 Thread 0x000002157171ed50 Exception <a 'java/lang/NoSuchMethodError'{0x00000000d5a04c30}: 'java.lang.Object java.lang.invoke.DirectMethodHandle$Holder.invokeStatic(java.lang.Object, java.lang.Object, int)'> (0x00000000d5a04c30) 
thrown [s\src\hotspot\share\interpreter\linkResolver.cpp, line 773]
Event: 1.008 Thread 0x000002157171ed50 Exception <a 'java/lang/NoSuchMethodError'{0x00000000d5a09580}: 'void java.lang.invoke.DirectMethodHandle$Holder.invokeStatic(java.lang.Object, java.lang.Object, int, java.lang.Object)'> (0x00000000d5a09580) 
thrown [s\src\hotspot\share\interpreter\linkResolver.cpp, line 773]
Event: 1.010 Thread 0x000002157171ed50 Exception <a 'java/lang/NoSuchMethodError'{0x00000000d5a0d110}: 'void java.lang.invoke.DirectMethodHandle$Holder.invokeSpecial(java.lang.Object, java.lang.Object, java.lang.Object, int, java.lang.Object)'> (0x00000000d5a0d110) 
thrown [s\src\hotspot\share\interpreter\linkResolver.cpp, line 773]
Event: 1.027 Thread 0x000002157171ed50 Exception <a 'java/lang/NoSuchMethodError'{0x00000000d5a10580}: 'void java.lang.invoke.DelegatingMethodHandle$Holder.delegate(java.lang.Object, java.lang.Object, int, java.lang.Object)'> (0x00000000d5a10580) 
thrown [s\src\hotspot\share\interpreter\linkResolver.cpp, line 773]
Event: 1.340 Thread 0x000002157171ed50 Exception <a 'java/lang/NoSuchMethodError'{0x00000000d5bd07d0}: 'void java.lang.invoke.DelegatingMethodHandle$Holder.reinvoke_L(java.lang.Object, java.lang.Object, java.lang.Object, int)'> (0x00000000d5bd07d0) 
thrown [s\src\hotspot\share\interpreter\linkResolver.cpp, line 773]
Event: 1.688 Thread 0x000002157171ed50 Exception <a 'java/lang/NoSuchMethodError'{0x00000000d605b440}: 'void java.lang.invoke.DirectMethodHandle$Holder.invokeVirtual(java.lang.Object, java.lang.Object)'> (0x00000000d605b440) 
thrown [s\src\hotspot\share\interpreter\linkResolver.cpp, line 773]
Event: 1.918 Thread 0x000002157171ed50 Exception <a 'java/lang/NoSuchMethodError'{0x00000000d643f2b8}: 'void java.lang.invoke.DirectMethodHandle$Holder.invokeStatic(java.lang.Object, java.lang.Object)'> (0x00000000d643f2b8) 
thrown [s\src\hotspot\share\interpreter\linkResolver.cpp, line 773]
Event: 1.924 Thread 0x000002157171ed50 Exception <a 'java/lang/ClassNotFoundException'{0x00000000d64673a8}: sun/net/www/protocol/c/Handler> (0x00000000d64673a8) 
thrown [s\src\hotspot\share\classfile\systemDictionary.cpp, line 312]
Event: 2.004 Thread 0x000002157171ed50 Exception <a 'java/io/FileNotFoundException'{0x00000000d64ce5c0}> (0x00000000d64ce5c0) 
thrown [s\src\hotspot\share\prims\jni.cpp, line 520]
Event: 2.005 Thread 0x000002157171ed50 Exception <a 'java/io/FileNotFoundException'{0x00000000d64cf8e8}> (0x00000000d64cf8e8) 
thrown [s\src\hotspot\share\prims\jni.cpp, line 520]
Event: 2.005 Thread 0x000002157171ed50 Exception <a 'java/io/FileNotFoundException'{0x00000000d64d0560}> (0x00000000d64d0560) 
thrown [s\src\hotspot\share\prims\jni.cpp, line 520]
Event: 2.006 Thread 0x000002157171ed50 Exception <a 'java/io/FileNotFoundException'{0x00000000d64d10a0}> (0x00000000d64d10a0) 
thrown [s\src\hotspot\share\prims\jni.cpp, line 520]
Event: 2.010 Thread 0x000002157171ed50 Implicit null exception at 0x0000021507b019a4 to 0x0000021507b01fa4
Event: 2.013 Thread 0x000002157171ed50 Exception <a 'java/io/FileNotFoundException'{0x00000000d650b230}> (0x00000000d650b230) 
thrown [s\src\hotspot\share\prims\jni.cpp, line 520]

ZGC Phase Switch (0 events):
No events

VM Operations (10 events):
Event: 0.473 Executing non-safepoint VM operation: HandshakeAllThreads (Deoptimize)
Event: 0.474 Executing non-safepoint VM operation: HandshakeAllThreads (Deoptimize) done
Event: 0.832 Executing non-safepoint VM operation: HandshakeAllThreads (Deoptimize)
Event: 0.832 Executing non-safepoint VM operation: HandshakeAllThreads (Deoptimize) done
Event: 1.847 Executing safepoint VM operation: Cleanup
Event: 1.848 Executing safepoint VM operation: Cleanup done
Event: 1.879 Executing non-safepoint VM operation: HandshakeAllThreads (Deoptimize)
Event: 1.879 Executing non-safepoint VM operation: HandshakeAllThreads (Deoptimize) done
Event: 1.908 Executing non-safepoint VM operation: HandshakeAllThreads (Deoptimize)
Event: 1.908 Executing non-safepoint VM operation: HandshakeAllThreads (Deoptimize) done

Memory protections (0 events):
No events

Nmethod flushes (0 events):
No events

Events (12 events):
Event: 0.093 Thread 0x000002157171ed50 Thread added: 0x000002157171ed50
Event: 0.131 Thread 0x000002157171ed50 Thread added: 0x000002157168bcb0
Event: 0.131 Thread 0x000002157171ed50 Thread added: 0x000002157168ea60
Event: 0.132 Thread 0x000002157171ed50 Thread added: 0x0000021571693b90
Event: 0.132 Thread 0x000002157171ed50 Thread added: 0x0000021571696ab0
Event: 0.132 Thread 0x000002157171ed50 Thread added: 0x0000021571697510
Event: 0.132 Thread 0x000002157171ed50 Thread added: 0x0000021571697f70
Event: 0.132 Thread 0x000002157171ed50 Thread added: 0x000002157169bdd0
Event: 0.134 Thread 0x000002157171ed50 Thread added: 0x000002157a968120
Event: 0.539 Thread 0x000002157171ed50 Thread added: 0x000002157aadc320
Event: 1.476 Thread 0x000002157171ed50 Thread added: 0x000002157ac6e010
Event: 1.740 Thread 0x000002157a968120 Thread added: 0x000002157ad477b0


Dynamic libraries:
0x00007ff6ea750000 - 0x00007ff6ea75e000 	c:\Users\User\.vscode\extensions\redhat.java-1.54.0-win32-x64\jre\21.0.10-win32-x86_64\bin\java.exe
0x00007ff990000000 - 0x00007ff990267000 	C:\WINDOWS\SYSTEM32\ntdll.dll
0x00007ff98f3b0000 - 0x00007ff98f479000 	C:\WINDOWS\System32\KERNEL32.DLL
0x00007ff98ca30000 - 0x00007ff98ce27000 	C:\WINDOWS\System32\KERNELBASE.dll
0x00007ff98cfc0000 - 0x00007ff98d10b000 	C:\WINDOWS\System32\ucrtbase.dll
0x00007ff97d480000 - 0x00007ff97d498000 	c:\Users\User\.vscode\extensions\redhat.java-1.54.0-win32-x64\jre\21.0.10-win32-x86_64\bin\jli.dll
0x00007ff98f8a0000 - 0x00007ff98fa66000 	C:\WINDOWS\System32\USER32.dll
0x00007ff98ce30000 - 0x00007ff98ce57000 	C:\WINDOWS\System32\win32u.dll
0x00007ff97d600000 - 0x00007ff97d61e000 	c:\Users\User\.vscode\extensions\redhat.java-1.54.0-win32-x64\jre\21.0.10-win32-x86_64\bin\VCRUNTIME140.dll
0x00007ff96f610000 - 0x00007ff96f8a2000 	C:\WINDOWS\WinSxS\amd64_microsoft.windows.common-controls_6595b64144ccf1df_6.0.26100.8170_none_3e0dd026e32f6781\COMCTL32.dll
0x00007ff98fa70000 - 0x00007ff98fb19000 	C:\WINDOWS\System32\msvcrt.dll
0x00007ff98dd90000 - 0x00007ff98ddbb000 	C:\WINDOWS\System32\GDI32.dll
0x00007ff98dbc0000 - 0x00007ff98dcec000 	C:\WINDOWS\System32\gdi32full.dll
0x00007ff98ce60000 - 0x00007ff98cf03000 	C:\WINDOWS\System32\msvcp_win.dll
0x00007ff98e200000 - 0x00007ff98e232000 	C:\WINDOWS\System32\IMM32.DLL
0x00007ff988940000 - 0x00007ff98894c000 	c:\Users\User\.vscode\extensions\redhat.java-1.54.0-win32-x64\jre\21.0.10-win32-x86_64\bin\vcruntime140_1.dll
0x00007ff94ae30000 - 0x00007ff94aebd000 	c:\Users\User\.vscode\extensions\redhat.java-1.54.0-win32-x64\jre\21.0.10-win32-x86_64\bin\msvcp140.dll
0x00007ff886880000 - 0x00007ff887621000 	c:\Users\User\.vscode\extensions\redhat.java-1.54.0-win32-x64\jre\21.0.10-win32-x86_64\bin\server\jvm.dll
0x00007ff98f580000 - 0x00007ff98f636000 	C:\WINDOWS\System32\ADVAPI32.dll
0x00007ff98f300000 - 0x00007ff98f3a7000 	C:\WINDOWS\System32\sechost.dll
0x00007ff98f700000 - 0x00007ff98f818000 	C:\WINDOWS\System32\RPCRT4.dll
0x00007ff98eaa0000 - 0x00007ff98eb20000 	C:\WINDOWS\System32\WS2_32.dll
0x00007ff98c8b0000 - 0x00007ff98c90e000 	C:\WINDOWS\SYSTEM32\POWRPROF.dll
0x00007ff984e50000 - 0x00007ff984e86000 	C:\WINDOWS\SYSTEM32\WINMM.dll
0x00007ff977e00000 - 0x00007ff977e0b000 	C:\WINDOWS\SYSTEM32\VERSION.dll
0x00007ff98c890000 - 0x00007ff98c8a4000 	C:\WINDOWS\SYSTEM32\UMPDC.dll
0x00007ff98b7b0000 - 0x00007ff98b7cb000 	C:\WINDOWS\SYSTEM32\kernel.appcore.dll
0x00007ff97d5c0000 - 0x00007ff97d5ca000 	c:\Users\User\.vscode\extensions\redhat.java-1.54.0-win32-x64\jre\21.0.10-win32-x86_64\bin\jimage.dll
0x00007ff98a8a0000 - 0x00007ff98aae2000 	C:\WINDOWS\SYSTEM32\DBGHELP.DLL
0x00007ff98e590000 - 0x00007ff98e913000 	C:\WINDOWS\System32\combase.dll
0x00007ff98e4b0000 - 0x00007ff98e589000 	C:\WINDOWS\System32\OLEAUT32.dll
0x00007ff97d020000 - 0x00007ff97d05b000 	C:\WINDOWS\SYSTEM32\dbgcore.DLL
0x00007ff98cf10000 - 0x00007ff98cfb8000 	C:\WINDOWS\System32\bcryptPrimitives.dll
0x00007ff97d350000 - 0x00007ff97d35f000 	c:\Users\User\.vscode\extensions\redhat.java-1.54.0-win32-x64\jre\21.0.10-win32-x86_64\bin\instrument.dll
0x00007ff97d2c0000 - 0x00007ff97d2e0000 	c:\Users\User\.vscode\extensions\redhat.java-1.54.0-win32-x64\jre\21.0.10-win32-x86_64\bin\java.dll
0x00007ff98eb80000 - 0x00007ff98f2f0000 	C:\WINDOWS\System32\SHELL32.dll
0x00007ff98d350000 - 0x00007ff98dbbc000 	C:\WINDOWS\System32\windows.storage.dll
0x00007ff98f480000 - 0x00007ff98f579000 	C:\WINDOWS\System32\SHCORE.dll
0x00007ff98e090000 - 0x00007ff98e0f6000 	C:\WINDOWS\System32\shlwapi.dll
0x00007ff98c950000 - 0x00007ff98c979000 	C:\WINDOWS\SYSTEM32\profapi.dll
0x00007ff97d240000 - 0x00007ff97d258000 	c:\Users\User\.vscode\extensions\redhat.java-1.54.0-win32-x64\jre\21.0.10-win32-x86_64\bin\zip.dll
0x00007ff97d340000 - 0x00007ff97d350000 	C:\Users\User\.vscode\extensions\redhat.java-1.54.0-win32-x64\jre\21.0.10-win32-x86_64\bin\net.dll
0x00007ff977f70000 - 0x00007ff978099000 	C:\WINDOWS\SYSTEM32\WINHTTP.dll
0x00007ff98bd20000 - 0x00007ff98bd8c000 	C:\WINDOWS\system32\mswsock.dll
0x00007ff97d160000 - 0x00007ff97d176000 	C:\Users\User\.vscode\extensions\redhat.java-1.54.0-win32-x64\jre\21.0.10-win32-x86_64\bin\nio.dll
0x00007ff97d150000 - 0x00007ff97d160000 	c:\Users\User\.vscode\extensions\redhat.java-1.54.0-win32-x64\jre\21.0.10-win32-x86_64\bin\verify.dll

JVMTI agents:
c:\Users\User\.vscode\extensions\redhat.java-1.54.0-win32-x64\lombok\lombok-1.18.39-4050.jar path:c:\Users\User\.vscode\extensions\redhat.java-1.54.0-win32-x64\jre\21.0.10-win32-x86_64\bin\instrument.dll, loaded, initialized, instrumentlib options:none

dbghelp: loaded successfully - version: 4.0.5 - missing functions: none
symbol engine: initialized successfully - sym options: 0x614 - pdb path: .;c:\Users\User\.vscode\extensions\redhat.java-1.54.0-win32-x64\jre\21.0.10-win32-x86_64\bin;C:\WINDOWS\SYSTEM32;C:\WINDOWS\WinSxS\amd64_microsoft.windows.common-controls_6595b64144ccf1df_6.0.26100.8170_none_3e0dd026e32f6781;c:\Users\User\.vscode\extensions\redhat.java-1.54.0-win32-x64\jre\21.0.10-win32-x86_64\bin\server

VM Arguments:
jvm_args: --add-modules=ALL-SYSTEM --add-opens=java.base/java.util=ALL-UNNAMED --add-opens=java.base/java.lang=ALL-UNNAMED --add-opens=java.base/sun.nio.fs=ALL-UNNAMED -Declipse.application=org.eclipse.jdt.ls.core.id1 -Dosgi.bundles.defaultStartLevel=4 -Declipse.product=org.eclipse.jdt.ls.core.product -Djava.import.generatesMetadataFilesAtProjectRoot=false -DDetectVMInstallationsJob.disabled=true -Dfile.encoding=utf8 -XX:+UseParallelGC -XX:GCTimeRatio=4 -XX:AdaptiveSizePolicyWeight=90 -Dsun.zip.disableMemoryMapping=true -Xmx2G -Xms100m -Xlog:disable -javaagent:c:\Users\User\.vscode\extensions\redhat.java-1.54.0-win32-x64\lombok\lombok-1.18.39-4050.jar -XX:+HeapDumpOnOutOfMemoryError -XX:HeapDumpPath=c:\Users\User\AppData\Roaming\Code\User\workspaceStorage\c0101fc8101ae5215f8083ae6c235b4d\redhat.java -Daether.dependencyCollector.impl=bf 
java_command: c:\Users\User\.vscode\extensions\redhat.java-1.54.0-win32-x64\server\plugins\org.eclipse.equinox.launcher_1.7.100.v20251111-0406.jar -configuration c:\Users\User\AppData\Roaming\Code\User\globalStorage\redhat.java\1.54.0\config_win -data c:\Users\User\AppData\Roaming\Code\User\workspaceStorage\c0101fc8101ae5215f8083ae6c235b4d\redhat.java\jdt_ws --pipe=\\.\pipe\lsp-c2209cbc32348d2912fa941fc1dbc1e7-sock
java_class_path (initial): c:\Users\User\.vscode\extensions\redhat.java-1.54.0-win32-x64\server\plugins\org.eclipse.equinox.launcher_1.7.100.v20251111-0406.jar
Launcher Type: SUN_STANDARD

[Global flags]
    uintx AdaptiveSizePolicyWeight                 = 90                                        {product} {command line}
     intx CICompilerCount                          = 4                                         {product} {ergonomic}
    uintx GCTimeRatio                              = 4                                         {product} {command line}
     bool HeapDumpOnOutOfMemoryError               = true                                   {manageable} {command line}
    ccstr HeapDumpPath                             = c:\Users\User\AppData\Roaming\Code\User\workspaceStorage\c0101fc8101ae5215f8083ae6c235b4d\redhat.java         {manageable} {command line}
   size_t InitialHeapSize                          = 104857600                                 {product} {command line}
   size_t MaxHeapSize                              = 2147483648                                {product} {command line}
   size_t MaxNewSize                               = 715653120                                 {product} {ergonomic}
   size_t MinHeapDeltaBytes                        = 524288                                    {product} {ergonomic}
   size_t MinHeapSize                              = 104857600                                 {product} {command line}
   size_t NewSize                                  = 34603008                                  {product} {ergonomic}
    uintx NonNMethodCodeHeapSize                   = 5839372                                {pd product} {ergonomic}
    uintx NonProfiledCodeHeapSize                  = 122909434                              {pd product} {ergonomic}
   size_t OldSize                                  = 70254592                                  {product} {ergonomic}
    uintx ProfiledCodeHeapSize                     = 122909434                              {pd product} {ergonomic}
    uintx ReservedCodeCacheSize                    = 251658240                              {pd product} {ergonomic}
     bool SegmentedCodeCache                       = true                                      {product} {ergonomic}
   size_t SoftMaxHeapSize                          = 2147483648                             {manageable} {ergonomic}
     bool UseCompressedOops                        = true                           {product lp64_product} {ergonomic}
     bool UseLargePagesIndividualAllocation        = false                                  {pd product} {ergonomic}
     bool UseParallelGC                            = true                                      {product} {command line}

Logging:
Log output configuration:
 #0: stdout all=off uptime,level,tags foldmultilines=false
 #1: stderr all=off uptime,level,tags foldmultilines=false

Release file:
JAVA_VERSION="21.0.10" 
MODULES="java.base java.compiler java.datatransfer java.xml java.prefs java.desktop java.instrument java.logging java.management java.security.sasl java.naming java.rmi java.management.rmi java.net.http java.scripting java.security.jgss java.transaction.xa java.sql java.sql.rowset java.xml.crypto java.se java.smartcardio jdk.accessibility jdk.internal.jvmstat jdk.attach jdk.charsets jdk.internal.opt jdk.zipfs jdk.compiler jdk.crypto.ec jdk.crypto.cryptoki jdk.crypto.mscapi jdk.dynalink jdk.internal.ed jdk.editpad jdk.hotspot.agent jdk.httpserver jdk.internal.le jdk.internal.vm.ci jdk.internal.vm.compiler jdk.internal.vm.compiler.management jdk.jartool jdk.javadoc jdk.jcmd jdk.management jdk.management.agent jdk.jconsole jdk.jdeps jdk.jdwp.agent jdk.jdi jdk.jfr jdk.jshell jdk.jsobject jdk.jstatd jdk.localedata jdk.management.jfr jdk.naming.dns jdk.naming.rmi jdk.net jdk.nio.mapmode jdk.random jdk.sctp jdk.security.auth jdk.security.jgss jdk.unsupported jdk.unsupported.desktop jdk.xml.dom" 

Environment Variables:
PATH=C:\Users\User\AppData\Local\Programs\Microsoft VS Code;C:\Program Files\Common Files\Oracle\Java\javapath;C:\Program Files (x86)\Common Files\Oracle\Java\java8path;C:\Program Files (x86)\Common Files\Oracle\Java\javapath;C:\Program Files\OpenLogic\jdk-21.0.4.7-hotspot\bin;C:\WINDOWS\system32;C:\WINDOWS;C:\WINDOWS\System32\Wbem;C:\WINDOWS\System32\WindowsPowerShell\v1.0\;C:\WINDOWS\System32\OpenSSH\;C:\Program Files\dotnet\;C:\Program Files\Java\jdk-24\bin;C:\Program Files (x86)\Windows Kits\10\Windows Performance Toolkit\;C:\Program Files\Git\cmd;C:\Users\User\AppData\Local\Programs\Python\Python313\Scripts\;C:\Users\User\AppData\Local\Programs\Python\Python313\;C:\Users\User\AppData\Local\Microsoft\WindowsApps;C:\Users\User\AppData\Local\Programs\Microsoft VS Code\bin;
USERNAME=User
OS=Windows_NT
PROCESSOR_IDENTIFIER=Intel64 Family 6 Model 140 Stepping 1, GenuineIntel
TMP=C:\Users\User\AppData\Local\Temp
TEMP=C:\Users\User\AppData\Local\Temp




Periodic native trim disabled

---------------  S Y S T E M  ---------------

OS:
 Windows 11 , 64 bit Build 26100 (10.0.26100.8276)
OS uptime: 1 days 1:01 hours
Hyper-V role detected

CPU: total 8 (initial active 8) (4 cores per cpu, 2 threads per core) family 6 model 140 stepping 1 microcode 0xbc, cx8, cmov, fxsr, ht, mmx, 3dnowpref, sse, sse2, sse3, ssse3, sse4.1, sse4.2, popcnt, lzcnt, tsc, tscinvbit, avx, avx2, aes, erms, clmul, bmi1, bmi2, adx, avx512f, avx512dq, avx512cd, avx512bw, avx512vl, sha, fma, vzeroupper, avx512_vpopcntdq, avx512_vpclmulqdq, avx512_vaes, avx512_vnni, clflush, clflushopt, clwb, avx512_vbmi2, avx512_vbmi, hv, rdtscp, rdpid, fsrm, gfni, avx512_bitalg, f16c, cet_ibt, cet_ss, avx512_ifma
Processor Information for the first 8 processors :
  Max Mhz: 2419, Current Mhz: 2419, Mhz Limit: 2419

Memory: 4k page, system-wide physical 7932M (508M free)
TotalPageFile size 15644M (AvailPageFile size 3M)
current process WorkingSet (physical memory assigned to process): 67M, peak: 67M
current process commit charge ("private bytes"): 234M, peak: 234M

vm_info: OpenJDK 64-Bit Server VM (21.0.10+7-LTS) for windows-amd64 JRE (21.0.10+7-LTS), built on 2026-01-20T00:00:00Z by "admin" with MS VC++ 17.12 (VS2022)

END.
